<?xml version="1.0" encoding="utf-8"?><testsuites name="pytest tests"><testsuite name="pytest" errors="0" failures="0" skipped="1" tests="8" time="10.866" timestamp="2025-09-07T22:27:23.078602+08:00" hostname="MacBook-Pro-3.local"><testcase classname="tests.unit_tests.test_dataprocessor" name="test_data_ingestion" time="5.808" /><testcase classname="tests.unit_tests.test_dataprocessor" name="test_dataprocessor_init" time="0.104" /><testcase classname="tests.unit_tests.test_dataprocessor" name="test_column_transformations" time="0.180" /><testcase classname="tests.unit_tests.test_dataprocessor" name="test_missing_value_handling" time="0.143" /><testcase classname="tests.unit_tests.test_dataprocessor" name="test_column_selection" time="0.161" /><testcase classname="tests.unit_tests.test_dataprocessor" name="test_split_data_default_params" time="0.405" /><testcase classname="tests.unit_tests.test_dataprocessor" name="test_preprocess_empty_dataframe" time="0.004" /><testcase classname="tests.unit_tests.test_dataprocessor" name="test_save_to_catalog_successful" time="0.490"><skipped type="pytest.skip" message="depends on delta tables on Databricks">/Users/prakbeno/marvelous-databricks/marvelous-databricks-course-bpprak/tests/unit_tests/test_dataprocessor.py:110: depends on delta tables on Databricks</skipped></testcase></testsuite></testsuites>
