<?xml version="1.0" encoding="utf-8"?><testsuites name="pytest tests"><testsuite name="pytest" errors="0" failures="0" skipped="1" tests="8" time="46.858" timestamp="2025-09-07T21:52:07.506112+08:00" hostname="MacBook-Pro-3.local"><testcase classname="tests.unit_tests.test_dataprocessor" name="test_data_ingestion" time="6.498" /><testcase classname="tests.unit_tests.test_dataprocessor" name="test_dataprocessor_init" time="0.088" /><testcase classname="tests.unit_tests.test_dataprocessor" name="test_column_transformations" time="0.155" /><testcase classname="tests.unit_tests.test_dataprocessor" name="test_missing_value_handling" time="0.147" /><testcase classname="tests.unit_tests.test_dataprocessor" name="test_column_selection" time="0.136" /><testcase classname="tests.unit_tests.test_dataprocessor" name="test_split_data_default_params" time="0.345" /><testcase classname="tests.unit_tests.test_dataprocessor" name="test_preprocess_empty_dataframe" time="0.003" /><testcase classname="tests.unit_tests.test_dataprocessor" name="test_save_to_catalog_successful" time="0.227"><skipped type="pytest.skip" message="depends on delta tables on Databricks">/Users/prakbeno/marvelous-databricks/marvelous-databricks-course-bpprak/tests/unit_tests/test_dataprocessor.py:110: depends on delta tables on Databricks</skipped></testcase></testsuite></testsuites>